<?xml version="1.0" encoding="UTF-8"?>
<testsuite xmlns:xsi="http://www.w3.org/2001/XMLSchema-instance" xsi:noNamespaceSchemaLocation="https://maven.apache.org/surefire/maven-surefire-plugin/xsd/surefire-test-report-3.0.xsd" version="3.0" name="com.cpt.payments.PaypalProviderServiceApplicationTests" time="7.389" tests="1" errors="0" skipped="0" failures="0">
  <properties>
[...]
</properties>
  <testcase name="contextLoads" classname="com.cpt.payments.PaypalProviderServiceApplicationTests" time="1.435">
    <system-out><![CDATA[21:37:09.597 [main] INFO org.springframework.test.context.support.AnnotationConfigContextLoaderUtils -- Could not detect default configuration classes for test class [com.cpt.payments.PaypalProviderServiceApplicationTests]: PaypalProviderServiceApplicationTests does not declare any static, non-private, non-final, nested classes annotated with @Configuration.
21:37:09.780 [main] INFO org.springframework.boot.test.context.SpringBootTestContextBootstrapper -- Found @SpringBootConfiguration com.cpt.payments.PaypalProviderServiceApplication for test class com.cpt.payments.PaypalProviderServiceApplicationTests
21:37:10.092 [main] INFO org.springframework.boot.devtools.restart.RestartApplicationListener -- Restart disabled due to context in which it is running

  .   ____          _            __ _ _
 /\\ / ___'_ __ _ _(_)_ __  __ _ \ \ \ \
( ( )\___ | '_ | '_| | '_ \/ _` | \ \ \ \
 \\/  ___)| |_)| | | | | || (_| |  ) ) ) )
  '  |____| .__|_| |_|_| |_\__, | / / / /
 =========|_|==============|___/=/_/_/_/
 :: Spring Boot ::               (v3.1.12)

[INFO ] 2024-10-21 21:37:10.954 [main] [paypal-provider-service] com.cpt.payments.PaypalProviderServiceApplicationTests - Starting PaypalProviderServiceApplicationTests using Java 17.0.12 with PID 33052 (started by HP WORLD in D:\Intership\paypal-provider-service\paypal-provider-service-start)
[INFO ] 2024-10-21 21:37:10.970 [main] [paypal-provider-service] com.cpt.payments.PaypalProviderServiceApplicationTests - The following 1 profile is active: "local"
[INFO ] 2024-10-21 21:37:12.659 [main] [paypal-provider-service] org.springframework.data.repository.config.RepositoryConfigurationDelegate - Multiple Spring Data modules found, entering strict repository configuration mode
[INFO ] 2024-10-21 21:37:12.662 [main] [paypal-provider-service] org.springframework.data.repository.config.RepositoryConfigurationDelegate - Bootstrapping Spring Data Redis repositories in DEFAULT mode.
[INFO ] 2024-10-21 21:37:12.742 [main] [paypal-provider-service] org.springframework.data.repository.config.RepositoryConfigurationDelegate - Finished Spring Data repository scanning in 34 ms. Found 0 Redis repository interfaces.
[INFO ] 2024-10-21 21:37:15.185 [main] [paypal-provider-service] com.cpt.payments.PaypalProviderServiceApplicationTests - Started PaypalProviderServiceApplicationTests in 5.133 seconds (process running for 7.021)
]]></system-out>
  </testcase>
</testsuite>